<?xml version="1.0" encoding="UTF-8"?>
<!-- Generated by org.testng.reporters.JUnitReportReporter -->
<testsuite name="application.scenarios.TestScenarios" tests="1" time="162.679" ignored="2" failures="0" timestamp="28 May 2018 11:29:11 GMT" skipped="0" hostname="W10127" errors="0">
  <testcase name="VerifyFlightBooking" time="162.679" classname="application.scenarios.TestScenarios"/>
  <testcase name="VerifyUserRegistration" classname="application.scenarios.TestScenarios">
    <skipped/>
  </testcase> <!-- VerifyUserRegistration -->
  <testcase name="VerifyUserLogin" classname="application.scenarios.TestScenarios">
    <skipped/>
  </testcase> <!-- VerifyUserLogin -->
</testsuite> <!-- application.scenarios.TestScenarios -->
