<?xml version="1.0" encoding="UTF-8"?>
<!-- Generated by org.testng.reporters.JUnitReportReporter -->
<testsuite name="test.application.scenarios.TestScenarios" tests="2" time="0.108" ignored="0" failures="0" timestamp="20 May 2018 09:15:56 GMT" skipped="0" hostname="W10127" errors="0">
  <testcase name="Verifyuserisinvalid" time="0.003" classname="test.application.scenarios.TestScenarios"/>
  <testcase name="VerifyUserLogin" time="0.105" classname="test.application.scenarios.TestScenarios"/>
</testsuite> <!-- test.application.scenarios.TestScenarios -->
